Running from: /home/ubuntu/jenkins.war
webroot: /home/ubuntu/.jenkins/war
2023-11-20 07:19:30.054+0000 [id=1]	INFO	winstone.Logger#logInternal: Beginning extraction from war file
2023-11-20 07:19:31.829+0000 [id=1]	WARNING	o.e.j.s.handler.ContextHandler#setContextPath: Empty contextPath
2023-11-20 07:19:31.991+0000 [id=1]	INFO	org.eclipse.jetty.server.Server#doStart: jetty-10.0.13; built: 2022-12-07T20:13:20.134Z; git: 1c2636ea05c0ca8de1ffd6ca7f3a98ac084c766d; jvm 11.0.20.1+1-post-Ubuntu-0ubuntu120.04
2023-11-20 07:19:32.868+0000 [id=1]	INFO	o.e.j.w.StandardDescriptorProcessor#visitServlet: NO JSP Support for /, did not find org.eclipse.jetty.jsp.JettyJspServlet
2023-11-20 07:19:33.077+0000 [id=1]	INFO	o.e.j.s.s.DefaultSessionIdManager#doStart: Session workerName=node0
2023-11-20 07:19:34.297+0000 [id=1]	INFO	hudson.WebAppMain#contextInitialized: Jenkins home directory: /home/ubuntu/.jenkins found at: $user.home/.jenkins
2023-11-20 07:19:35.030+0000 [id=1]	INFO	o.e.j.s.handler.ContextHandler#doStart: Started w.@7318daf8{Jenkins v2.387.1,/,file:///home/ubuntu/.jenkins/war/,AVAILABLE}{/home/ubuntu/.jenkins/war}
2023-11-20 07:19:35.076+0000 [id=1]	INFO	o.e.j.server.AbstractConnector#doStart: Started ServerConnector@1583741e{HTTP/1.1, (http/1.1)}{0.0.0.0:8080}
2023-11-20 07:19:35.144+0000 [id=1]	INFO	org.eclipse.jetty.server.Server#doStart: Started Server@73cd37c0{STARTING}[10.0.13,sto=0] @6370ms
2023-11-20 07:19:35.163+0000 [id=23]	INFO	winstone.Logger#logInternal: Winstone Servlet Engine running: controlPort=disabled
2023-11-20 07:19:35.688+0000 [id=28]	INFO	jenkins.InitReactorRunner$1#onAttained: Started initialization
2023-11-20 07:19:35.726+0000 [id=28]	INFO	jenkins.InitReactorRunner$1#onAttained: Listed all plugins
2023-11-20 07:19:37.775+0000 [id=28]	INFO	jenkins.InitReactorRunner$1#onAttained: Prepared all plugins
2023-11-20 07:19:37.782+0000 [id=28]	INFO	jenkins.InitReactorRunner$1#onAttained: Started all plugins
2023-11-20 07:19:37.822+0000 [id=28]	INFO	jenkins.InitReactorRunner$1#onAttained: Augmented all extensions
2023-11-20 07:19:38.370+0000 [id=28]	INFO	jenkins.InitReactorRunner$1#onAttained: System config loaded
2023-11-20 07:19:38.371+0000 [id=28]	INFO	jenkins.InitReactorRunner$1#onAttained: System config adapted
2023-11-20 07:19:38.371+0000 [id=28]	INFO	jenkins.InitReactorRunner$1#onAttained: Loaded all jobs
2023-11-20 07:19:38.372+0000 [id=28]	INFO	jenkins.InitReactorRunner$1#onAttained: Configuration for all jobs updated
WARNING: An illegal reflective access operation has occurred
WARNING: Illegal reflective access by org.codehaus.groovy.vmplugin.v7.Java7$1 (file:/home/ubuntu/.jenkins/war/WEB-INF/lib/groovy-all-2.4.21.jar) to constructor java.lang.invoke.MethodHandles$Lookup(java.lang.Class,int)
WARNING: Please consider reporting this to the maintainers of org.codehaus.groovy.vmplugin.v7.Java7$1
WARNING: Use --illegal-access=warn to enable warnings of further illegal reflective access operations
WARNING: All illegal access operations will be denied in a future release
2023-11-20 07:19:39.176+0000 [id=42]	INFO	hudson.util.Retrier#start: Attempt #1 to do the action check updates server
2023-11-20 07:19:39.437+0000 [id=29]	INFO	jenkins.install.SetupWizard#init: 

*************************************************************
*************************************************************
*************************************************************

Jenkins initial setup is required. An admin user has been created and a password generated.
Please use the following password to proceed to installation:

8c1ff2a8a1164ecf8dcd37ac915b5d2f

This may also be found at: /home/ubuntu/.jenkins/secrets/initialAdminPassword

*************************************************************
*************************************************************
*************************************************************

2023-11-20 07:20:15.369+0000 [id=28]	INFO	jenkins.InitReactorRunner$1#onAttained: Completed initialization
2023-11-20 07:20:15.394+0000 [id=22]	INFO	hudson.lifecycle.Lifecycle#onReady: Jenkins is fully up and running
2023-11-20 07:20:15.704+0000 [id=42]	INFO	h.m.DownloadService$Downloadable#load: Obtained the updated data file for hudson.tasks.Maven.MavenInstaller
2023-11-20 07:20:15.705+0000 [id=42]	INFO	hudson.util.Retrier#start: Performed the action check updates server successfully at the attempt #1
2023-11-20 08:32:35.761+0000 [id=18]	INFO	hudson.PluginManager#install: Starting installation of a batch of 19 plugins plus their dependencies
2023-11-20 08:32:35.780+0000 [id=18]	INFO	hudson.model.UpdateSite$Plugin#deploy: Adding dependent install of ionicons-api for plugin cloudbees-folder
2023-11-20 08:32:35.782+0000 [id=18]	INFO	hudson.model.UpdateSite$Plugin#deploy: Adding dependent install of instance-identity for plugin antisamy-markup-formatter
2023-11-20 08:32:35.782+0000 [id=18]	INFO	hudson.model.UpdateSite$Plugin#deploy: Adding dependent install of bouncycastle-api for plugin instance-identity
2023-11-20 08:32:35.783+0000 [id=18]	INFO	hudson.model.UpdateSite$Plugin#deploy: Adding dependent install of javax-mail-api for plugin antisamy-markup-formatter
2023-11-20 08:32:35.784+0000 [id=18]	INFO	hudson.model.UpdateSite$Plugin#deploy: Adding dependent install of javax-activation-api for plugin javax-mail-api
2023-11-20 08:32:35.784+0000 [id=18]	INFO	hudson.model.UpdateSite$Plugin#deploy: Adding dependent install of sshd for plugin antisamy-markup-formatter
2023-11-20 08:32:35.785+0000 [id=18]	INFO	hudson.model.UpdateSite$Plugin#deploy: Adding dependent install of mina-sshd-api-core for plugin sshd
2023-11-20 08:32:35.787+0000 [id=18]	INFO	hudson.model.UpdateSite$Plugin#deploy: Adding dependent install of mina-sshd-api-common for plugin mina-sshd-api-core
2023-11-20 08:32:35.788+0000 [id=18]	INFO	hudson.model.UpdateSite$Plugin#deploy: Adding dependent install of token-macro for plugin build-timeout
2023-11-20 08:32:35.788+0000 [id=18]	INFO	hudson.model.UpdateSite$Plugin#deploy: Adding dependent install of structs for plugin token-macro
2023-11-20 08:32:35.788+0000 [id=18]	INFO	hudson.model.UpdateSite$Plugin#deploy: Adding dependent install of workflow-step-api for plugin token-macro
2023-11-20 08:32:35.789+0000 [id=18]	INFO	hudson.model.UpdateSite$Plugin#deploy: Adding dependent install of plain-credentials for plugin credentials-binding
2023-11-20 08:32:35.789+0000 [id=18]	INFO	hudson.model.UpdateSite$Plugin#deploy: Adding dependent install of credentials for plugin plain-credentials
2023-11-20 08:32:35.790+0000 [id=18]	INFO	hudson.model.UpdateSite$Plugin#deploy: Adding dependent install of ssh-credentials for plugin credentials-binding
2023-11-20 08:32:35.790+0000 [id=18]	INFO	hudson.model.UpdateSite$Plugin#deploy: Adding dependent install of trilead-api for plugin ssh-credentials
2023-11-20 08:32:35.786+0000 [id=78]	INFO	h.model.UpdateCenter$DownloadJob#run: Starting the installation of ionicons-api on behalf of admin
2023-11-20 08:32:35.803+0000 [id=78]	INFO	h.m.UpdateCenter$UpdateCenterConfiguration#download: Downloading ionicons-api
2023-11-20 08:32:35.807+0000 [id=18]	INFO	hudson.model.UpdateSite$Plugin#deploy: Adding dependent install of workflow-api for plugin timestamper
2023-11-20 08:32:35.807+0000 [id=18]	INFO	hudson.model.UpdateSite$Plugin#deploy: Adding dependent install of scm-api for plugin workflow-api
2023-11-20 08:32:35.807+0000 [id=18]	INFO	hudson.model.UpdateSite$Plugin#deploy: Adding dependent install of commons-lang3-api for plugin timestamper
2023-11-20 08:32:35.808+0000 [id=18]	INFO	hudson.model.UpdateSite$Plugin#deploy: Adding dependent install of matrix-project for plugin ws-cleanup
2023-11-20 08:32:35.808+0000 [id=18]	INFO	hudson.model.UpdateSite$Plugin#deploy: Adding dependent install of script-security for plugin matrix-project
2023-11-20 08:32:35.808+0000 [id=18]	INFO	hudson.model.UpdateSite$Plugin#deploy: Adding dependent install of caffeine-api for plugin script-security
2023-11-20 08:32:35.808+0000 [id=18]	INFO	hudson.model.UpdateSite$Plugin#deploy: Adding dependent install of junit for plugin matrix-project
2023-11-20 08:32:35.809+0000 [id=18]	INFO	hudson.model.UpdateSite$Plugin#deploy: Adding dependent install of jackson2-api for plugin junit
2023-11-20 08:32:35.809+0000 [id=18]	INFO	hudson.model.UpdateSite$Plugin#deploy: Adding dependent install of jaxb for plugin jackson2-api
2023-11-20 08:32:35.809+0000 [id=18]	INFO	hudson.model.UpdateSite$Plugin#deploy: Adding dependent install of snakeyaml-api for plugin jackson2-api
2023-11-20 08:32:35.810+0000 [id=18]	INFO	hudson.model.UpdateSite$Plugin#deploy: Adding dependent install of bootstrap5-api for plugin junit
2023-11-20 08:32:35.810+0000 [id=18]	INFO	hudson.model.UpdateSite$Plugin#deploy: Adding dependent install of font-awesome-api for plugin bootstrap5-api
2023-11-20 08:32:35.818+0000 [id=18]	INFO	hudson.model.UpdateSite$Plugin#deploy: Adding dependent install of commons-text-api for plugin font-awesome-api
2023-11-20 08:32:35.818+0000 [id=18]	INFO	hudson.model.UpdateSite$Plugin#deploy: Adding dependent install of plugin-util-api for plugin font-awesome-api
2023-11-20 08:32:35.819+0000 [id=18]	INFO	hudson.model.UpdateSite$Plugin#deploy: Adding dependent install of workflow-support for plugin plugin-util-api
2023-11-20 08:32:35.819+0000 [id=18]	INFO	hudson.model.UpdateSite$Plugin#deploy: Adding dependent install of echarts-api for plugin junit
2023-11-20 08:32:35.820+0000 [id=18]	INFO	hudson.model.UpdateSite$Plugin#deploy: Adding dependent install of jquery3-api for plugin echarts-api
2023-11-20 08:32:35.820+0000 [id=18]	INFO	hudson.model.UpdateSite$Plugin#deploy: Adding dependent install of display-url-api for plugin junit
2023-11-20 08:32:35.820+0000 [id=18]	INFO	hudson.model.UpdateSite$Plugin#deploy: Adding dependent install of checks-api for plugin junit
2023-11-20 08:32:35.821+0000 [id=18]	INFO	hudson.model.UpdateSite$Plugin#deploy: Adding dependent install of resource-disposer for plugin ws-cleanup
2023-11-20 08:32:35.821+0000 [id=18]	INFO	hudson.model.UpdateSite$Plugin#deploy: Adding dependent install of workflow-durable-task-step for plugin gradle
2023-11-20 08:32:35.822+0000 [id=18]	INFO	hudson.model.UpdateSite$Plugin#deploy: Adding dependent install of durable-task for plugin workflow-durable-task-step
2023-11-20 08:32:35.830+0000 [id=18]	INFO	hudson.model.UpdateSite$Plugin#deploy: Adding dependent install of workflow-cps for plugin gradle
2023-11-20 08:32:35.835+0000 [id=18]	INFO	hudson.model.UpdateSite$Plugin#deploy: Adding dependent install of workflow-scm-step for plugin workflow-cps
2023-11-20 08:32:35.835+0000 [id=18]	INFO	hudson.model.UpdateSite$Plugin#deploy: Adding dependent install of workflow-job for plugin gradle
2023-11-20 08:32:35.836+0000 [id=18]	INFO	hudson.model.UpdateSite$Plugin#deploy: Adding dependent install of workflow-basic-steps for plugin gradle
2023-11-20 08:32:35.836+0000 [id=18]	INFO	hudson.model.UpdateSite$Plugin#deploy: Adding dependent install of jakarta-mail-api for plugin workflow-basic-steps
2023-11-20 08:32:35.836+0000 [id=18]	INFO	hudson.model.UpdateSite$Plugin#deploy: Adding dependent install of jakarta-activation-api for plugin jakarta-mail-api
2023-11-20 08:32:35.836+0000 [id=18]	INFO	hudson.model.UpdateSite$Plugin#deploy: Adding dependent install of apache-httpcomponents-client-4-api for plugin workflow-basic-steps
2023-11-20 08:32:35.837+0000 [id=18]	INFO	hudson.model.UpdateSite$Plugin#deploy: Adding dependent install of mailer for plugin workflow-basic-steps
2023-11-20 08:32:35.837+0000 [id=18]	INFO	hudson.model.UpdateSite$Plugin#deploy: Adding dependent install of pipeline-milestone-step for plugin workflow-aggregator
2023-11-20 08:32:35.838+0000 [id=18]	INFO	hudson.model.UpdateSite$Plugin#deploy: Adding dependent install of pipeline-build-step for plugin workflow-aggregator
2023-11-20 08:32:35.841+0000 [id=18]	INFO	hudson.model.UpdateSite$Plugin#deploy: Adding dependent install of pipeline-groovy-lib for plugin workflow-aggregator
2023-11-20 08:32:35.842+0000 [id=18]	INFO	hudson.model.UpdateSite$Plugin#deploy: Adding dependent install of variant for plugin pipeline-groovy-lib
2023-11-20 08:32:35.842+0000 [id=18]	INFO	hudson.model.UpdateSite$Plugin#deploy: Adding dependent install of pipeline-model-definition for plugin workflow-aggregator
2023-11-20 08:32:35.843+0000 [id=18]	INFO	hudson.model.UpdateSite$Plugin#deploy: Adding dependent install of pipeline-model-extensions for plugin pipeline-model-definition
2023-11-20 08:32:35.843+0000 [id=18]	INFO	hudson.model.UpdateSite$Plugin#deploy: Adding dependent install of pipeline-stage-step for plugin pipeline-model-extensions
2023-11-20 08:32:35.844+0000 [id=18]	INFO	hudson.model.UpdateSite$Plugin#deploy: Adding dependent install of pipeline-model-api for plugin pipeline-model-extensions
2023-11-20 08:32:35.844+0000 [id=18]	INFO	hudson.model.UpdateSite$Plugin#deploy: Adding dependent install of workflow-multibranch for plugin pipeline-model-definition
2023-11-20 08:32:35.844+0000 [id=18]	INFO	hudson.model.UpdateSite$Plugin#deploy: Adding dependent install of branch-api for plugin workflow-multibranch
2023-11-20 08:32:35.845+0000 [id=18]	INFO	hudson.model.UpdateSite$Plugin#deploy: Adding dependent install of pipeline-stage-tags-metadata for plugin pipeline-model-definition
2023-11-20 08:32:35.845+0000 [id=18]	INFO	hudson.model.UpdateSite$Plugin#deploy: Adding dependent install of git-client for plugin pipeline-model-definition
2023-11-20 08:32:35.846+0000 [id=18]	INFO	hudson.model.UpdateSite$Plugin#deploy: Adding dependent install of pipeline-input-step for plugin pipeline-model-definition
2023-11-20 08:32:35.854+0000 [id=18]	INFO	hudson.model.UpdateSite$Plugin#deploy: Adding dependent install of jjwt-api for plugin github-branch-source
2023-11-20 08:32:35.854+0000 [id=18]	INFO	hudson.model.UpdateSite$Plugin#deploy: Adding dependent install of okhttp-api for plugin github-branch-source
2023-11-20 08:32:35.854+0000 [id=18]	INFO	hudson.model.UpdateSite$Plugin#deploy: Adding dependent install of github-api for plugin github-branch-source
2023-11-20 08:32:35.855+0000 [id=18]	INFO	hudson.model.UpdateSite$Plugin#deploy: Adding dependent install of github for plugin github-branch-source
2023-11-20 08:32:35.855+0000 [id=18]	INFO	hudson.model.UpdateSite$Plugin#deploy: Adding dependent install of git for plugin github
2023-11-20 08:32:35.856+0000 [id=18]	INFO	hudson.model.UpdateSite$Plugin#deploy: Adding dependent install of pipeline-rest-api for plugin pipeline-stage-view
2023-11-20 08:32:35.856+0000 [id=18]	INFO	hudson.model.UpdateSite$Plugin#deploy: Adding dependent install of pipeline-graph-analysis for plugin pipeline-rest-api
2023-11-20 08:32:37.244+0000 [id=78]	INFO	h.model.UpdateCenter$DownloadJob#run: Installation successful: ionicons-api
2023-11-20 08:32:37.244+0000 [id=78]	INFO	h.model.UpdateCenter$DownloadJob#run: Starting the installation of cloudbees-folder on behalf of admin
2023-11-20 08:32:37.245+0000 [id=78]	INFO	h.m.UpdateCenter$UpdateCenterConfiguration#download: Downloading cloudbees-folder
2023-11-20 08:32:38.047+0000 [id=78]	INFO	h.model.UpdateCenter$DownloadJob#run: Installation successful: cloudbees-folder
2023-11-20 08:32:38.047+0000 [id=78]	INFO	h.model.UpdateCenter$DownloadJob#run: Starting the installation of bouncycastle-api on behalf of admin
2023-11-20 08:32:38.047+0000 [id=78]	INFO	h.m.UpdateCenter$UpdateCenterConfiguration#download: Downloading bouncycastle-api
2023-11-20 08:32:40.094+0000 [id=78]	INFO	h.model.UpdateCenter$DownloadJob#run: Installation successful: bouncycastle-api
2023-11-20 08:32:40.095+0000 [id=78]	INFO	h.model.UpdateCenter$DownloadJob#run: Starting the installation of instance-identity on behalf of admin
2023-11-20 08:32:40.095+0000 [id=78]	INFO	h.m.UpdateCenter$UpdateCenterConfiguration#download: Downloading instance-identity
2023-11-20 08:32:40.780+0000 [id=78]	INFO	h.model.UpdateCenter$DownloadJob#run: Installation successful: instance-identity
2023-11-20 08:32:40.781+0000 [id=78]	INFO	h.model.UpdateCenter$DownloadJob#run: Starting the installation of javax-activation-api on behalf of admin
2023-11-20 08:32:40.782+0000 [id=78]	INFO	h.m.UpdateCenter$UpdateCenterConfiguration#download: Downloading javax-activation-api
2023-11-20 08:32:41.554+0000 [id=78]	INFO	h.model.UpdateCenter$DownloadJob#run: Installation successful: javax-activation-api
2023-11-20 08:32:41.554+0000 [id=78]	INFO	h.model.UpdateCenter$DownloadJob#run: Starting the installation of javax-mail-api on behalf of admin
2023-11-20 08:32:41.555+0000 [id=78]	INFO	h.m.UpdateCenter$UpdateCenterConfiguration#download: Downloading javax-mail-api
2023-11-20 08:32:42.512+0000 [id=78]	INFO	h.model.UpdateCenter$DownloadJob#run: Installation successful: javax-mail-api
2023-11-20 08:32:42.512+0000 [id=78]	INFO	h.model.UpdateCenter$DownloadJob#run: Starting the installation of mina-sshd-api-common on behalf of admin
2023-11-20 08:32:42.513+0000 [id=78]	INFO	h.m.UpdateCenter$UpdateCenterConfiguration#download: Downloading mina-sshd-api-common
2023-11-20 08:32:43.359+0000 [id=78]	INFO	h.model.UpdateCenter$DownloadJob#run: Installation successful: mina-sshd-api-common
2023-11-20 08:32:43.360+0000 [id=78]	INFO	h.model.UpdateCenter$DownloadJob#run: Starting the installation of mina-sshd-api-core on behalf of admin
2023-11-20 08:32:43.360+0000 [id=78]	INFO	h.m.UpdateCenter$UpdateCenterConfiguration#download: Downloading mina-sshd-api-core
2023-11-20 08:32:44.164+0000 [id=78]	INFO	h.model.UpdateCenter$DownloadJob#run: Installation successful: mina-sshd-api-core
2023-11-20 08:32:44.164+0000 [id=78]	INFO	h.model.UpdateCenter$DownloadJob#run: Starting the installation of sshd on behalf of admin
2023-11-20 08:32:44.165+0000 [id=78]	INFO	h.m.UpdateCenter$UpdateCenterConfiguration#download: Downloading sshd
2023-11-20 08:32:44.847+0000 [id=78]	INFO	h.model.UpdateCenter$DownloadJob#run: Installation successful: sshd
2023-11-20 08:32:44.847+0000 [id=78]	INFO	h.model.UpdateCenter$DownloadJob#run: Starting the installation of antisamy-markup-formatter on behalf of admin
2023-11-20 08:32:44.847+0000 [id=78]	INFO	h.m.UpdateCenter$UpdateCenterConfiguration#download: Downloading antisamy-markup-formatter
2023-11-20 08:32:45.628+0000 [id=78]	INFO	h.model.UpdateCenter$DownloadJob#run: Installation successful: antisamy-markup-formatter
2023-11-20 08:32:45.629+0000 [id=78]	INFO	h.model.UpdateCenter$DownloadJob#run: Starting the installation of structs on behalf of admin
2023-11-20 08:32:45.631+0000 [id=78]	INFO	h.m.UpdateCenter$UpdateCenterConfiguration#download: Downloading structs
2023-11-20 08:32:46.342+0000 [id=78]	INFO	h.model.UpdateCenter$DownloadJob#run: Installation successful: structs
2023-11-20 08:32:46.343+0000 [id=78]	INFO	h.model.UpdateCenter$DownloadJob#run: Starting the installation of workflow-step-api on behalf of admin
2023-11-20 08:32:46.344+0000 [id=78]	INFO	h.m.UpdateCenter$UpdateCenterConfiguration#download: Downloading workflow-step-api
2023-11-20 08:32:47.079+0000 [id=78]	INFO	h.model.UpdateCenter$DownloadJob#run: Installation successful: workflow-step-api
2023-11-20 08:32:47.079+0000 [id=78]	INFO	h.model.UpdateCenter$DownloadJob#run: Starting the installation of token-macro on behalf of admin
2023-11-20 08:32:47.082+0000 [id=78]	INFO	h.m.UpdateCenter$UpdateCenterConfiguration#download: Downloading token-macro
2023-11-20 08:32:47.978+0000 [id=78]	INFO	h.model.UpdateCenter$DownloadJob#run: Installation successful: token-macro
2023-11-20 08:32:47.978+0000 [id=78]	INFO	h.model.UpdateCenter$DownloadJob#run: Starting the installation of build-timeout on behalf of admin
2023-11-20 08:32:47.979+0000 [id=78]	INFO	h.m.UpdateCenter$UpdateCenterConfiguration#download: Downloading build-timeout
2023-11-20 08:32:48.650+0000 [id=78]	INFO	h.model.UpdateCenter$DownloadJob#run: Installation successful: build-timeout
2023-11-20 08:32:48.650+0000 [id=78]	INFO	h.model.UpdateCenter$DownloadJob#run: Starting the installation of credentials on behalf of admin
2023-11-20 08:32:48.650+0000 [id=78]	INFO	h.m.UpdateCenter$UpdateCenterConfiguration#download: Downloading credentials
2023-11-20 08:32:49.487+0000 [id=78]	INFO	h.model.UpdateCenter$DownloadJob#run: Installation successful: credentials
2023-11-20 08:32:49.487+0000 [id=78]	INFO	h.model.UpdateCenter$DownloadJob#run: Starting the installation of plain-credentials on behalf of admin
2023-11-20 08:32:49.488+0000 [id=78]	INFO	h.m.UpdateCenter$UpdateCenterConfiguration#download: Downloading plain-credentials
2023-11-20 08:32:50.131+0000 [id=78]	INFO	h.model.UpdateCenter$DownloadJob#run: Installation successful: plain-credentials
2023-11-20 08:32:50.131+0000 [id=78]	INFO	h.model.UpdateCenter$DownloadJob#run: Starting the installation of trilead-api on behalf of admin
2023-11-20 08:32:50.131+0000 [id=78]	INFO	h.m.UpdateCenter$UpdateCenterConfiguration#download: Downloading trilead-api
2023-11-20 08:32:51.095+0000 [id=78]	INFO	h.model.UpdateCenter$DownloadJob#run: Installation successful: trilead-api
2023-11-20 08:32:51.095+0000 [id=78]	INFO	h.model.UpdateCenter$DownloadJob#run: Starting the installation of ssh-credentials on behalf of admin
2023-11-20 08:32:51.096+0000 [id=78]	INFO	h.m.UpdateCenter$UpdateCenterConfiguration#download: Downloading ssh-credentials
2023-11-20 08:32:51.795+0000 [id=78]	INFO	h.model.UpdateCenter$DownloadJob#run: Installation successful: ssh-credentials
2023-11-20 08:32:51.796+0000 [id=78]	INFO	h.model.UpdateCenter$DownloadJob#run: Starting the installation of credentials-binding on behalf of admin
2023-11-20 08:32:51.796+0000 [id=78]	INFO	h.m.UpdateCenter$UpdateCenterConfiguration#download: Downloading credentials-binding
2023-11-20 08:32:52.493+0000 [id=78]	INFO	h.model.UpdateCenter$DownloadJob#run: Installation successful: credentials-binding
2023-11-20 08:32:52.493+0000 [id=78]	INFO	h.model.UpdateCenter$DownloadJob#run: Starting the installation of scm-api on behalf of admin
2023-11-20 08:32:52.495+0000 [id=78]	INFO	h.m.UpdateCenter$UpdateCenterConfiguration#download: Downloading scm-api
2023-11-20 08:32:53.274+0000 [id=78]	INFO	h.model.UpdateCenter$DownloadJob#run: Installation successful: scm-api
2023-11-20 08:32:53.274+0000 [id=78]	INFO	h.model.UpdateCenter$DownloadJob#run: Starting the installation of workflow-api on behalf of admin
2023-11-20 08:32:53.274+0000 [id=78]	INFO	h.m.UpdateCenter$UpdateCenterConfiguration#download: Downloading workflow-api
2023-11-20 08:32:53.975+0000 [id=78]	INFO	h.model.UpdateCenter$DownloadJob#run: Installation successful: workflow-api
2023-11-20 08:32:53.975+0000 [id=78]	INFO	h.model.UpdateCenter$DownloadJob#run: Starting the installation of commons-lang3-api on behalf of admin
2023-11-20 08:32:53.976+0000 [id=78]	INFO	h.m.UpdateCenter$UpdateCenterConfiguration#download: Downloading commons-lang3-api
2023-11-20 08:32:54.769+0000 [id=78]	INFO	h.model.UpdateCenter$DownloadJob#run: Installation successful: commons-lang3-api
2023-11-20 08:32:54.770+0000 [id=78]	INFO	h.model.UpdateCenter$DownloadJob#run: Starting the installation of timestamper on behalf of admin
2023-11-20 08:32:54.770+0000 [id=78]	INFO	h.m.UpdateCenter$UpdateCenterConfiguration#download: Downloading timestamper
2023-11-20 08:32:55.428+0000 [id=78]	INFO	h.model.UpdateCenter$DownloadJob#run: Installation successful: timestamper
2023-11-20 08:32:55.429+0000 [id=78]	INFO	h.model.UpdateCenter$DownloadJob#run: Starting the installation of caffeine-api on behalf of admin
2023-11-20 08:32:55.433+0000 [id=78]	INFO	h.m.UpdateCenter$UpdateCenterConfiguration#download: Downloading caffeine-api
2023-11-20 08:32:56.268+0000 [id=78]	INFO	h.model.UpdateCenter$DownloadJob#run: Installation successful: caffeine-api
2023-11-20 08:32:56.268+0000 [id=78]	INFO	h.model.UpdateCenter$DownloadJob#run: Starting the installation of script-security on behalf of admin
2023-11-20 08:32:56.268+0000 [id=78]	INFO	h.m.UpdateCenter$UpdateCenterConfiguration#download: Downloading script-security
2023-11-20 08:32:57.026+0000 [id=78]	INFO	h.model.UpdateCenter$DownloadJob#run: Installation successful: script-security
2023-11-20 08:32:57.026+0000 [id=78]	INFO	h.model.UpdateCenter$DownloadJob#run: Starting the installation of jaxb on behalf of admin
2023-11-20 08:32:57.026+0000 [id=78]	INFO	h.m.UpdateCenter$UpdateCenterConfiguration#download: Downloading jaxb
2023-11-20 08:32:57.815+0000 [id=78]	INFO	h.model.UpdateCenter$DownloadJob#run: Installation successful: jaxb
2023-11-20 08:32:57.815+0000 [id=78]	INFO	h.model.UpdateCenter$DownloadJob#run: Starting the installation of snakeyaml-api on behalf of admin
2023-11-20 08:32:57.816+0000 [id=78]	INFO	h.m.UpdateCenter$UpdateCenterConfiguration#download: Downloading snakeyaml-api
2023-11-20 08:32:58.523+0000 [id=78]	INFO	h.model.UpdateCenter$DownloadJob#run: Installation successful: snakeyaml-api
2023-11-20 08:32:58.523+0000 [id=78]	INFO	h.model.UpdateCenter$DownloadJob#run: Starting the installation of jackson2-api on behalf of admin
2023-11-20 08:32:58.524+0000 [id=78]	INFO	h.m.UpdateCenter$UpdateCenterConfiguration#download: Downloading jackson2-api
2023-11-20 08:32:59.464+0000 [id=78]	INFO	h.model.UpdateCenter$DownloadJob#run: Installation successful: jackson2-api
2023-11-20 08:32:59.464+0000 [id=78]	INFO	h.model.UpdateCenter$DownloadJob#run: Starting the installation of commons-text-api on behalf of admin
2023-11-20 08:32:59.464+0000 [id=78]	INFO	h.m.UpdateCenter$UpdateCenterConfiguration#download: Downloading commons-text-api
2023-11-20 08:33:00.145+0000 [id=78]	INFO	h.model.UpdateCenter$DownloadJob#run: Installation successful: commons-text-api
2023-11-20 08:33:00.146+0000 [id=78]	INFO	h.model.UpdateCenter$DownloadJob#run: Starting the installation of workflow-support on behalf of admin
2023-11-20 08:33:00.146+0000 [id=78]	INFO	h.m.UpdateCenter$UpdateCenterConfiguration#download: Downloading workflow-support
2023-11-20 08:33:00.894+0000 [id=78]	INFO	h.model.UpdateCenter$DownloadJob#run: Installation successful: workflow-support
2023-11-20 08:33:00.894+0000 [id=78]	INFO	h.model.UpdateCenter$DownloadJob#run: Starting the installation of plugin-util-api on behalf of admin
2023-11-20 08:33:00.895+0000 [id=78]	INFO	h.m.UpdateCenter$UpdateCenterConfiguration#download: Downloading plugin-util-api
2023-11-20 08:33:01.706+0000 [id=78]	INFO	h.model.UpdateCenter$DownloadJob#run: Installation successful: plugin-util-api
2023-11-20 08:33:01.707+0000 [id=78]	INFO	h.model.UpdateCenter$DownloadJob#run: Starting the installation of font-awesome-api on behalf of admin
2023-11-20 08:33:01.707+0000 [id=78]	INFO	h.m.UpdateCenter$UpdateCenterConfiguration#download: Downloading font-awesome-api
2023-11-20 08:33:02.566+0000 [id=78]	INFO	h.model.UpdateCenter$DownloadJob#run: Installation successful: font-awesome-api
2023-11-20 08:33:02.566+0000 [id=78]	INFO	h.model.UpdateCenter$DownloadJob#run: Starting the installation of bootstrap5-api on behalf of admin
2023-11-20 08:33:02.566+0000 [id=78]	INFO	h.m.UpdateCenter$UpdateCenterConfiguration#download: Downloading bootstrap5-api
2023-11-20 08:33:03.379+0000 [id=78]	INFO	h.model.UpdateCenter$DownloadJob#run: Installation successful: bootstrap5-api
2023-11-20 08:33:03.379+0000 [id=78]	INFO	h.model.UpdateCenter$DownloadJob#run: Starting the installation of jquery3-api on behalf of admin
2023-11-20 08:33:03.379+0000 [id=78]	INFO	h.m.UpdateCenter$UpdateCenterConfiguration#download: Downloading jquery3-api
2023-11-20 08:33:04.056+0000 [id=78]	INFO	h.model.UpdateCenter$DownloadJob#run: Installation successful: jquery3-api
2023-11-20 08:33:04.056+0000 [id=78]	INFO	h.model.UpdateCenter$DownloadJob#run: Starting the installation of echarts-api on behalf of admin
2023-11-20 08:33:04.056+0000 [id=78]	INFO	h.m.UpdateCenter$UpdateCenterConfiguration#download: Downloading echarts-api
2023-11-20 08:33:05.850+0000 [id=78]	INFO	h.model.UpdateCenter$DownloadJob#run: Installation successful: echarts-api
2023-11-20 08:33:05.851+0000 [id=78]	INFO	h.model.UpdateCenter$DownloadJob#run: Starting the installation of display-url-api on behalf of admin
2023-11-20 08:33:05.851+0000 [id=78]	INFO	h.m.UpdateCenter$UpdateCenterConfiguration#download: Downloading display-url-api
2023-11-20 08:33:06.522+0000 [id=78]	INFO	h.model.UpdateCenter$DownloadJob#run: Installation successful: display-url-api
2023-11-20 08:33:06.522+0000 [id=78]	INFO	h.model.UpdateCenter$DownloadJob#run: Starting the installation of checks-api on behalf of admin
2023-11-20 08:33:06.522+0000 [id=78]	INFO	h.m.UpdateCenter$UpdateCenterConfiguration#download: Downloading checks-api
2023-11-20 08:33:07.303+0000 [id=78]	INFO	h.model.UpdateCenter$DownloadJob#run: Installation successful: checks-api
2023-11-20 08:33:07.304+0000 [id=78]	INFO	h.model.UpdateCenter$DownloadJob#run: Starting the installation of junit on behalf of admin
2023-11-20 08:33:07.304+0000 [id=78]	INFO	h.m.UpdateCenter$UpdateCenterConfiguration#download: Downloading junit
2023-11-20 08:33:08.148+0000 [id=78]	INFO	h.model.UpdateCenter$DownloadJob#run: Installation successful: junit
2023-11-20 08:33:08.148+0000 [id=78]	INFO	h.model.UpdateCenter$DownloadJob#run: Starting the installation of matrix-project on behalf of admin
2023-11-20 08:33:08.148+0000 [id=78]	INFO	h.m.UpdateCenter$UpdateCenterConfiguration#download: Downloading matrix-project
2023-11-20 08:33:08.853+0000 [id=78]	INFO	h.model.UpdateCenter$DownloadJob#run: Installation successful: matrix-project
2023-11-20 08:33:08.853+0000 [id=78]	INFO	h.model.UpdateCenter$DownloadJob#run: Starting the installation of resource-disposer on behalf of admin
2023-11-20 08:33:08.853+0000 [id=78]	INFO	h.m.UpdateCenter$UpdateCenterConfiguration#download: Downloading resource-disposer
2023-11-20 08:33:09.552+0000 [id=78]	INFO	h.model.UpdateCenter$DownloadJob#run: Installation successful: resource-disposer
2023-11-20 08:33:09.553+0000 [id=78]	INFO	h.model.UpdateCenter$DownloadJob#run: Starting the installation of ws-cleanup on behalf of admin
2023-11-20 08:33:09.553+0000 [id=78]	INFO	h.m.UpdateCenter$UpdateCenterConfiguration#download: Downloading ws-cleanup
2023-11-20 08:33:10.280+0000 [id=78]	INFO	h.model.UpdateCenter$DownloadJob#run: Installation successful: ws-cleanup
2023-11-20 08:33:10.280+0000 [id=78]	INFO	h.model.UpdateCenter$DownloadJob#run: Starting the installation of ant on behalf of admin
2023-11-20 08:33:10.280+0000 [id=78]	INFO	h.m.UpdateCenter$UpdateCenterConfiguration#download: Downloading ant
2023-11-20 08:33:11.083+0000 [id=78]	INFO	h.model.UpdateCenter$DownloadJob#run: Installation successful: ant
2023-11-20 08:33:11.085+0000 [id=78]	INFO	h.model.UpdateCenter$DownloadJob#run: Starting the installation of durable-task on behalf of admin
2023-11-20 08:33:11.085+0000 [id=78]	INFO	h.m.UpdateCenter$UpdateCenterConfiguration#download: Downloading durable-task
2023-11-20 08:33:12.460+0000 [id=78]	INFO	h.model.UpdateCenter$DownloadJob#run: Installation successful: durable-task
2023-11-20 08:33:12.460+0000 [id=78]	INFO	h.model.UpdateCenter$DownloadJob#run: Starting the installation of workflow-durable-task-step on behalf of admin
2023-11-20 08:33:12.460+0000 [id=78]	INFO	h.m.UpdateCenter$UpdateCenterConfiguration#download: Downloading workflow-durable-task-step
2023-11-20 08:33:13.159+0000 [id=78]	INFO	h.model.UpdateCenter$DownloadJob#run: Installation successful: workflow-durable-task-step
2023-11-20 08:33:13.159+0000 [id=78]	INFO	h.model.UpdateCenter$DownloadJob#run: Starting the installation of workflow-scm-step on behalf of admin
2023-11-20 08:33:13.160+0000 [id=78]	INFO	h.m.UpdateCenter$UpdateCenterConfiguration#download: Downloading workflow-scm-step
2023-11-20 08:33:13.813+0000 [id=78]	INFO	h.model.UpdateCenter$DownloadJob#run: Installation successful: workflow-scm-step
2023-11-20 08:33:13.818+0000 [id=78]	INFO	h.model.UpdateCenter$DownloadJob#run: Starting the installation of workflow-cps on behalf of admin
2023-11-20 08:33:13.818+0000 [id=78]	INFO	h.m.UpdateCenter$UpdateCenterConfiguration#download: Downloading workflow-cps
2023-11-20 08:33:14.705+0000 [id=78]	INFO	h.model.UpdateCenter$DownloadJob#run: Installation successful: workflow-cps
2023-11-20 08:33:14.705+0000 [id=78]	INFO	h.model.UpdateCenter$DownloadJob#run: Starting the installation of workflow-job on behalf of admin
2023-11-20 08:33:14.706+0000 [id=78]	INFO	h.m.UpdateCenter$UpdateCenterConfiguration#download: Downloading workflow-job
2023-11-20 08:33:15.373+0000 [id=78]	INFO	h.model.UpdateCenter$DownloadJob#run: Installation successful: workflow-job
2023-11-20 08:33:15.373+0000 [id=78]	INFO	h.model.UpdateCenter$DownloadJob#run: Starting the installation of jakarta-activation-api on behalf of admin
2023-11-20 08:33:15.373+0000 [id=78]	INFO	h.m.UpdateCenter$UpdateCenterConfiguration#download: Downloading jakarta-activation-api
2023-11-20 08:33:16.055+0000 [id=78]	INFO	h.model.UpdateCenter$DownloadJob#run: Installation successful: jakarta-activation-api
2023-11-20 08:33:16.055+0000 [id=78]	INFO	h.model.UpdateCenter$DownloadJob#run: Starting the installation of jakarta-mail-api on behalf of admin
2023-11-20 08:33:16.056+0000 [id=78]	INFO	h.m.UpdateCenter$UpdateCenterConfiguration#download: Downloading jakarta-mail-api
2023-11-20 08:33:16.887+0000 [id=78]	INFO	h.model.UpdateCenter$DownloadJob#run: Installation successful: jakarta-mail-api
2023-11-20 08:33:16.888+0000 [id=78]	INFO	h.model.UpdateCenter$DownloadJob#run: Starting the installation of apache-httpcomponents-client-4-api on behalf of admin
2023-11-20 08:33:16.888+0000 [id=78]	INFO	h.m.UpdateCenter$UpdateCenterConfiguration#download: Downloading apache-httpcomponents-client-4-api
2023-11-20 08:33:17.696+0000 [id=78]	INFO	h.model.UpdateCenter$DownloadJob#run: Installation successful: apache-httpcomponents-client-4-api
2023-11-20 08:33:17.696+0000 [id=78]	INFO	h.model.UpdateCenter$DownloadJob#run: Starting the installation of mailer on behalf of admin
2023-11-20 08:33:17.696+0000 [id=78]	INFO	h.m.UpdateCenter$UpdateCenterConfiguration#download: Downloading mailer
2023-11-20 08:33:18.411+0000 [id=78]	INFO	h.model.UpdateCenter$DownloadJob#run: Installation successful: mailer
2023-11-20 08:33:18.411+0000 [id=78]	INFO	h.model.UpdateCenter$DownloadJob#run: Starting the installation of workflow-basic-steps on behalf of admin
2023-11-20 08:33:18.412+0000 [id=78]	INFO	h.m.UpdateCenter$UpdateCenterConfiguration#download: Downloading workflow-basic-steps
2023-11-20 08:33:19.120+0000 [id=78]	INFO	h.model.UpdateCenter$DownloadJob#run: Installation successful: workflow-basic-steps
2023-11-20 08:33:19.120+0000 [id=78]	INFO	h.model.UpdateCenter$DownloadJob#run: Starting the installation of gradle on behalf of admin
2023-11-20 08:33:19.120+0000 [id=78]	INFO	h.m.UpdateCenter$UpdateCenterConfiguration#download: Downloading gradle
2023-11-20 08:33:21.032+0000 [id=78]	INFO	h.model.UpdateCenter$DownloadJob#run: Installation successful: gradle
2023-11-20 08:33:21.032+0000 [id=78]	INFO	h.model.UpdateCenter$DownloadJob#run: Starting the installation of pipeline-milestone-step on behalf of admin
2023-11-20 08:33:21.036+0000 [id=78]	INFO	h.m.UpdateCenter$UpdateCenterConfiguration#download: Downloading pipeline-milestone-step
2023-11-20 08:33:21.797+0000 [id=78]	INFO	h.model.UpdateCenter$DownloadJob#run: Installation successful: pipeline-milestone-step
2023-11-20 08:33:21.798+0000 [id=78]	INFO	h.model.UpdateCenter$DownloadJob#run: Starting the installation of pipeline-build-step on behalf of admin
2023-11-20 08:33:21.798+0000 [id=78]	INFO	h.m.UpdateCenter$UpdateCenterConfiguration#download: Downloading pipeline-build-step
2023-11-20 08:33:22.515+0000 [id=78]	INFO	h.model.UpdateCenter$DownloadJob#run: Installation successful: pipeline-build-step
2023-11-20 08:33:22.518+0000 [id=78]	INFO	h.model.UpdateCenter$DownloadJob#run: Starting the installation of variant on behalf of admin
2023-11-20 08:33:22.519+0000 [id=78]	INFO	h.m.UpdateCenter$UpdateCenterConfiguration#download: Downloading variant
2023-11-20 08:33:23.184+0000 [id=78]	INFO	h.model.UpdateCenter$DownloadJob#run: Installation successful: variant
2023-11-20 08:33:23.184+0000 [id=78]	INFO	h.model.UpdateCenter$DownloadJob#run: Starting the installation of pipeline-groovy-lib on behalf of admin
2023-11-20 08:33:23.184+0000 [id=78]	INFO	h.m.UpdateCenter$UpdateCenterConfiguration#download: Downloading pipeline-groovy-lib
2023-11-20 08:33:24.121+0000 [id=78]	INFO	h.model.UpdateCenter$DownloadJob#run: Installation successful: pipeline-groovy-lib
2023-11-20 08:33:24.121+0000 [id=78]	INFO	h.model.UpdateCenter$DownloadJob#run: Starting the installation of pipeline-stage-step on behalf of admin
2023-11-20 08:33:24.125+0000 [id=78]	INFO	h.m.UpdateCenter$UpdateCenterConfiguration#download: Downloading pipeline-stage-step
2023-11-20 08:33:24.785+0000 [id=78]	INFO	h.model.UpdateCenter$DownloadJob#run: Installation successful: pipeline-stage-step
2023-11-20 08:33:24.785+0000 [id=78]	INFO	h.model.UpdateCenter$DownloadJob#run: Starting the installation of pipeline-model-api on behalf of admin
2023-11-20 08:33:24.785+0000 [id=78]	INFO	h.m.UpdateCenter$UpdateCenterConfiguration#download: Downloading pipeline-model-api
2023-11-20 08:33:25.750+0000 [id=78]	INFO	h.model.UpdateCenter$DownloadJob#run: Installation successful: pipeline-model-api
2023-11-20 08:33:25.751+0000 [id=78]	INFO	h.model.UpdateCenter$DownloadJob#run: Starting the installation of pipeline-model-extensions on behalf of admin
2023-11-20 08:33:25.751+0000 [id=78]	INFO	h.m.UpdateCenter$UpdateCenterConfiguration#download: Downloading pipeline-model-extensions
2023-11-20 08:33:26.427+0000 [id=78]	INFO	h.model.UpdateCenter$DownloadJob#run: Installation successful: pipeline-model-extensions
2023-11-20 08:33:26.428+0000 [id=78]	INFO	h.model.UpdateCenter$DownloadJob#run: Starting the installation of branch-api on behalf of admin
2023-11-20 08:33:26.428+0000 [id=78]	INFO	h.m.UpdateCenter$UpdateCenterConfiguration#download: Downloading branch-api
2023-11-20 08:33:27.166+0000 [id=78]	INFO	h.model.UpdateCenter$DownloadJob#run: Installation successful: branch-api
2023-11-20 08:33:27.166+0000 [id=78]	INFO	h.model.UpdateCenter$DownloadJob#run: Starting the installation of workflow-multibranch on behalf of admin
2023-11-20 08:33:27.166+0000 [id=78]	INFO	h.m.UpdateCenter$UpdateCenterConfiguration#download: Downloading workflow-multibranch
2023-11-20 08:33:27.847+0000 [id=78]	INFO	h.model.UpdateCenter$DownloadJob#run: Installation successful: workflow-multibranch
2023-11-20 08:33:27.848+0000 [id=78]	INFO	h.model.UpdateCenter$DownloadJob#run: Starting the installation of pipeline-stage-tags-metadata on behalf of admin
2023-11-20 08:33:27.848+0000 [id=78]	INFO	h.m.UpdateCenter$UpdateCenterConfiguration#download: Downloading pipeline-stage-tags-metadata
2023-11-20 08:33:28.495+0000 [id=78]	INFO	h.model.UpdateCenter$DownloadJob#run: Installation successful: pipeline-stage-tags-metadata
2023-11-20 08:33:28.495+0000 [id=78]	INFO	h.model.UpdateCenter$DownloadJob#run: Starting the installation of git-client on behalf of admin
2023-11-20 08:33:28.498+0000 [id=78]	INFO	h.m.UpdateCenter$UpdateCenterConfiguration#download: Downloading git-client
2023-11-20 08:33:29.618+0000 [id=78]	INFO	h.model.UpdateCenter$DownloadJob#run: Installation successful: git-client
2023-11-20 08:33:29.618+0000 [id=78]	INFO	h.model.UpdateCenter$DownloadJob#run: Starting the installation of pipeline-input-step on behalf of admin
2023-11-20 08:33:29.618+0000 [id=78]	INFO	h.m.UpdateCenter$UpdateCenterConfiguration#download: Downloading pipeline-input-step
2023-11-20 08:33:30.283+0000 [id=78]	INFO	h.model.UpdateCenter$DownloadJob#run: Installation successful: pipeline-input-step
2023-11-20 08:33:30.283+0000 [id=78]	INFO	h.model.UpdateCenter$DownloadJob#run: Starting the installation of pipeline-model-definition on behalf of admin
2023-11-20 08:33:30.283+0000 [id=78]	INFO	h.m.UpdateCenter$UpdateCenterConfiguration#download: Downloading pipeline-model-definition
2023-11-20 08:33:31.128+0000 [id=78]	INFO	h.model.UpdateCenter$DownloadJob#run: Installation successful: pipeline-model-definition
2023-11-20 08:33:31.128+0000 [id=78]	INFO	h.model.UpdateCenter$DownloadJob#run: Starting the installation of workflow-aggregator on behalf of admin
2023-11-20 08:33:31.129+0000 [id=78]	INFO	h.m.UpdateCenter$UpdateCenterConfiguration#download: Downloading workflow-aggregator
2023-11-20 08:33:31.970+0000 [id=78]	INFO	h.model.UpdateCenter$DownloadJob#run: Installation successful: workflow-aggregator
2023-11-20 08:33:31.970+0000 [id=78]	INFO	h.model.UpdateCenter$DownloadJob#run: Starting the installation of jjwt-api on behalf of admin
2023-11-20 08:33:31.971+0000 [id=78]	INFO	h.m.UpdateCenter$UpdateCenterConfiguration#download: Downloading jjwt-api
2023-11-20 08:33:32.908+0000 [id=78]	INFO	h.model.UpdateCenter$DownloadJob#run: Installation successful: jjwt-api
2023-11-20 08:33:32.908+0000 [id=78]	INFO	h.model.UpdateCenter$DownloadJob#run: Starting the installation of okhttp-api on behalf of admin
2023-11-20 08:33:32.908+0000 [id=78]	INFO	h.m.UpdateCenter$UpdateCenterConfiguration#download: Downloading okhttp-api
2023-11-20 08:33:34.614+0000 [id=78]	INFO	h.model.UpdateCenter$DownloadJob#run: Installation successful: okhttp-api
2023-11-20 08:33:34.614+0000 [id=78]	INFO	h.model.UpdateCenter$DownloadJob#run: Starting the installation of github-api on behalf of admin
2023-11-20 08:33:34.615+0000 [id=78]	INFO	h.m.UpdateCenter$UpdateCenterConfiguration#download: Downloading github-api
2023-11-20 08:33:35.315+0000 [id=78]	INFO	h.model.UpdateCenter$DownloadJob#run: Installation successful: github-api
2023-11-20 08:33:35.315+0000 [id=78]	INFO	h.model.UpdateCenter$DownloadJob#run: Starting the installation of git on behalf of admin
2023-11-20 08:33:35.316+0000 [id=78]	INFO	h.m.UpdateCenter$UpdateCenterConfiguration#download: Downloading git
2023-11-20 08:33:36.116+0000 [id=78]	INFO	h.model.UpdateCenter$DownloadJob#run: Installation successful: git
2023-11-20 08:33:36.116+0000 [id=78]	INFO	h.model.UpdateCenter$DownloadJob#run: Starting the installation of github on behalf of admin
2023-11-20 08:33:36.116+0000 [id=78]	INFO	h.m.UpdateCenter$UpdateCenterConfiguration#download: Downloading github
2023-11-20 08:33:36.823+0000 [id=78]	INFO	h.model.UpdateCenter$DownloadJob#run: Installation successful: github
2023-11-20 08:33:36.823+0000 [id=78]	INFO	h.model.UpdateCenter$DownloadJob#run: Starting the installation of github-branch-source on behalf of admin
2023-11-20 08:33:36.823+0000 [id=78]	INFO	h.m.UpdateCenter$UpdateCenterConfiguration#download: Downloading github-branch-source
2023-11-20 08:33:37.628+0000 [id=78]	INFO	h.model.UpdateCenter$DownloadJob#run: Installation successful: github-branch-source
2023-11-20 08:33:37.628+0000 [id=78]	INFO	h.model.UpdateCenter$DownloadJob#run: Starting the installation of pipeline-github-lib on behalf of admin
2023-11-20 08:33:37.629+0000 [id=78]	INFO	h.m.UpdateCenter$UpdateCenterConfiguration#download: Downloading pipeline-github-lib
2023-11-20 08:33:38.298+0000 [id=78]	INFO	h.model.UpdateCenter$DownloadJob#run: Installation successful: pipeline-github-lib
2023-11-20 08:33:38.298+0000 [id=78]	INFO	h.model.UpdateCenter$DownloadJob#run: Starting the installation of pipeline-graph-analysis on behalf of admin
2023-11-20 08:33:38.298+0000 [id=78]	INFO	h.m.UpdateCenter$UpdateCenterConfiguration#download: Downloading pipeline-graph-analysis
2023-11-20 08:33:38.947+0000 [id=78]	INFO	h.model.UpdateCenter$DownloadJob#run: Installation successful: pipeline-graph-analysis
2023-11-20 08:33:38.947+0000 [id=78]	INFO	h.model.UpdateCenter$DownloadJob#run: Starting the installation of pipeline-rest-api on behalf of admin
2023-11-20 08:33:38.948+0000 [id=78]	INFO	h.m.UpdateCenter$UpdateCenterConfiguration#download: Downloading pipeline-rest-api
2023-11-20 08:33:39.702+0000 [id=78]	INFO	h.model.UpdateCenter$DownloadJob#run: Installation successful: pipeline-rest-api
2023-11-20 08:33:39.702+0000 [id=78]	INFO	h.model.UpdateCenter$DownloadJob#run: Starting the installation of pipeline-stage-view on behalf of admin
2023-11-20 08:33:39.702+0000 [id=78]	INFO	h.m.UpdateCenter$UpdateCenterConfiguration#download: Downloading pipeline-stage-view
2023-11-20 08:33:40.611+0000 [id=78]	INFO	h.model.UpdateCenter$DownloadJob#run: Installation successful: pipeline-stage-view
2023-11-20 08:33:40.611+0000 [id=78]	INFO	h.model.UpdateCenter$DownloadJob#run: Starting the installation of git on behalf of admin
2023-11-20 08:33:40.618+0000 [id=78]	INFO	h.m.UpdateCenter$InstallationJob#_run: Skipping duplicate install of: Git@5.0.2
2023-11-20 08:33:40.618+0000 [id=78]	INFO	h.model.UpdateCenter$DownloadJob#run: Installation successful: git
2023-11-20 08:33:40.618+0000 [id=78]	INFO	h.model.UpdateCenter$DownloadJob#run: Starting the installation of ssh-slaves on behalf of admin
2023-11-20 08:33:40.618+0000 [id=78]	INFO	h.m.UpdateCenter$UpdateCenterConfiguration#download: Downloading ssh-slaves
2023-11-20 08:33:41.309+0000 [id=78]	INFO	h.model.UpdateCenter$DownloadJob#run: Installation successful: ssh-slaves
2023-11-20 08:33:41.310+0000 [id=78]	INFO	h.model.UpdateCenter$DownloadJob#run: Starting the installation of matrix-auth on behalf of admin
2023-11-20 08:33:41.310+0000 [id=78]	INFO	h.m.UpdateCenter$UpdateCenterConfiguration#download: Downloading matrix-auth
2023-11-20 08:33:42.064+0000 [id=78]	INFO	h.model.UpdateCenter$DownloadJob#run: Installation successful: matrix-auth
2023-11-20 08:33:42.064+0000 [id=78]	INFO	h.model.UpdateCenter$DownloadJob#run: Starting the installation of pam-auth on behalf of admin
2023-11-20 08:33:42.064+0000 [id=78]	INFO	h.m.UpdateCenter$UpdateCenterConfiguration#download: Downloading pam-auth
2023-11-20 08:33:42.703+0000 [id=78]	INFO	h.model.UpdateCenter$DownloadJob#run: Installation successful: pam-auth
2023-11-20 08:33:42.703+0000 [id=78]	INFO	h.model.UpdateCenter$DownloadJob#run: Starting the installation of ldap on behalf of admin
2023-11-20 08:33:42.703+0000 [id=78]	INFO	h.m.UpdateCenter$UpdateCenterConfiguration#download: Downloading ldap
2023-11-20 08:33:43.743+0000 [id=78]	INFO	h.model.UpdateCenter$DownloadJob#run: Installation successful: ldap
2023-11-20 08:33:43.743+0000 [id=78]	INFO	h.model.UpdateCenter$DownloadJob#run: Starting the installation of email-ext on behalf of admin
2023-11-20 08:33:43.743+0000 [id=78]	INFO	h.m.UpdateCenter$UpdateCenterConfiguration#download: Downloading email-ext
2023-11-20 08:33:44.578+0000 [id=78]	INFO	h.model.UpdateCenter$DownloadJob#run: Installation successful: email-ext
2023-11-20 08:33:44.586+0000 [id=78]	INFO	h.model.UpdateCenter$DownloadJob#run: Starting the installation of mailer on behalf of admin
2023-11-20 08:33:44.586+0000 [id=78]	INFO	h.m.UpdateCenter$InstallationJob#_run: Skipping duplicate install of: Mailer@457.v3f72cb_e015e5
2023-11-20 08:33:44.586+0000 [id=78]	INFO	h.model.UpdateCenter$DownloadJob#run: Installation successful: mailer
2023-11-20 08:33:44.586+0000 [id=78]	INFO	h.m.UpdateCenter$CompleteBatchJob#run: Completing installing of plugin batch…
2023-11-20 08:33:49.527+0000 [id=78]	INFO	h.p.b.g.GlobalTimeOutConfiguration#load: global timeout not set
2023-11-20 08:33:49.968+0000 [id=78]	INFO	h.m.DownloadService$Downloadable#load: Obtained the updated data file for hudson.tasks.Ant.AntInstaller
2023-11-20 08:33:50.508+0000 [id=78]	INFO	h.m.DownloadService$Downloadable#load: Obtained the updated data file for hudson.plugins.gradle.GradleInstaller
2023-11-20 08:33:51.141+0000 [id=250]	INFO	jenkins.InitReactorRunner$1#onAttained: Started initialization
2023-11-20 08:33:51.171+0000 [id=251]	INFO	jenkins.InitReactorRunner$1#onAttained: Listed all plugins
2023-11-20 08:33:51.171+0000 [id=251]	INFO	jenkins.InitReactorRunner$1#onAttained: Prepared all plugins
2023-11-20 08:33:51.214+0000 [id=250]	INFO	jenkins.InitReactorRunner$1#onAttained: Started all plugins
2023-11-20 08:33:51.216+0000 [id=250]	INFO	jenkins.InitReactorRunner$1#onAttained: Augmented all extensions
2023-11-20 08:33:51.598+0000 [id=250]	INFO	jenkins.InitReactorRunner$1#onAttained: System config loaded
2023-11-20 08:33:51.598+0000 [id=250]	INFO	jenkins.InitReactorRunner$1#onAttained: System config adapted
2023-11-20 08:33:51.602+0000 [id=250]	INFO	jenkins.InitReactorRunner$1#onAttained: Loaded all jobs
2023-11-20 08:33:51.639+0000 [id=250]	INFO	jenkins.InitReactorRunner$1#onAttained: Configuration for all jobs updated
2023-11-20 08:33:52.083+0000 [id=250]	INFO	jenkins.InitReactorRunner$1#onAttained: Completed initialization
2023-11-20 08:33:52.087+0000 [id=78]	INFO	h.m.UpdateCenter$CompleteBatchJob#run: Completed installation of 82 plugins in 1 min 16 sec
