Started at Mon Nov 20 09:14:28 UTC 2023
Processing Cow-World
Offering Cow-World to Project Build Discarder
Finished at Mon Nov 20 09:14:28 UTC 2023. 3ms
Started at Mon Nov 20 10:14:28 UTC 2023
Processing Cow-World
Offering Cow-World to Project Build Discarder
Finished at Mon Nov 20 10:14:28 UTC 2023. 1ms
Started at Mon Nov 20 11:14:28 UTC 2023
Processing Cow-World
Offering Cow-World to Project Build Discarder
Processing cowsay-pipeline
Offering cowsay-pipeline to Project Build Discarder
Finished at Mon Nov 20 11:14:28 UTC 2023. 1ms
Started at Mon Nov 20 12:14:28 UTC 2023
Processing Cow-World
Offering Cow-World to Project Build Discarder
Processing cowsay-pipeline
Offering cowsay-pipeline to Project Build Discarder
Finished at Mon Nov 20 12:14:28 UTC 2023. 1ms
Started at Mon Nov 20 13:14:28 UTC 2023
Processing Cow-World
Offering Cow-World to Project Build Discarder
Processing cowsay-pipeline
Offering cowsay-pipeline to Project Build Discarder
Finished at Mon Nov 20 13:14:28 UTC 2023. 1ms
Started at Mon Nov 20 14:14:28 UTC 2023
Processing Cow-World
Offering Cow-World to Project Build Discarder
Processing cowsay-pipeline
Offering cowsay-pipeline to Project Build Discarder
Finished at Mon Nov 20 14:14:28 UTC 2023. 14ms
Started at Mon Nov 20 15:14:28 UTC 2023
Processing Cow-World
Offering Cow-World to Project Build Discarder
Processing cowsay-pipeline
Offering cowsay-pipeline to Project Build Discarder
Finished at Mon Nov 20 15:14:28 UTC 2023. 1ms
Started at Mon Nov 20 16:14:28 UTC 2023
Processing Cow-World
Offering Cow-World to Project Build Discarder
Processing cowsay-pipeline
Offering cowsay-pipeline to Project Build Discarder
Finished at Mon Nov 20 16:14:28 UTC 2023. 1ms
Started at Mon Nov 20 17:14:28 UTC 2023
Processing Cow-World
Offering Cow-World to Project Build Discarder
Processing cowsay-pipeline
Offering cowsay-pipeline to Project Build Discarder
Finished at Mon Nov 20 17:14:28 UTC 2023. 1ms
Started at Mon Nov 20 18:14:28 UTC 2023
Processing Cow-World
Offering Cow-World to Project Build Discarder
Processing cowsay-pipeline
Offering cowsay-pipeline to Project Build Discarder
Finished at Mon Nov 20 18:14:28 UTC 2023. 1ms
Started at Mon Nov 20 19:14:28 UTC 2023
Processing Cow-World
Offering Cow-World to Project Build Discarder
Processing cowsay-pipeline
Offering cowsay-pipeline to Project Build Discarder
Finished at Mon Nov 20 19:14:28 UTC 2023. 1ms
Started at Mon Nov 20 20:14:28 UTC 2023
Processing Cow-World
Offering Cow-World to Project Build Discarder
Processing cowsay-pipeline
Offering cowsay-pipeline to Project Build Discarder
Finished at Mon Nov 20 20:14:28 UTC 2023. 1ms
Started at Mon Nov 20 21:14:28 UTC 2023
Processing Cow-World
Offering Cow-World to Project Build Discarder
Processing cowsay-pipeline
Offering cowsay-pipeline to Project Build Discarder
Finished at Mon Nov 20 21:14:28 UTC 2023. 2ms
Started at Mon Nov 20 22:14:28 UTC 2023
Processing Cow-World
Offering Cow-World to Project Build Discarder
Processing cowsay-pipeline
Offering cowsay-pipeline to Project Build Discarder
Finished at Mon Nov 20 22:14:28 UTC 2023. 1ms
Started at Mon Nov 20 23:14:28 UTC 2023
Processing Cow-World
Offering Cow-World to Project Build Discarder
Processing cowsay-pipeline
Offering cowsay-pipeline to Project Build Discarder
Finished at Mon Nov 20 23:14:28 UTC 2023. 1ms
Started at Tue Nov 21 00:14:28 UTC 2023
Processing Cow-World
Offering Cow-World to Project Build Discarder
Processing cowsay-pipeline
Offering cowsay-pipeline to Project Build Discarder
Finished at Tue Nov 21 00:14:28 UTC 2023. 1ms
Started at Tue Nov 21 01:14:28 UTC 2023
Processing Cow-World
Offering Cow-World to Project Build Discarder
Processing cowsay-pipeline
Offering cowsay-pipeline to Project Build Discarder
Finished at Tue Nov 21 01:14:28 UTC 2023. 1ms
Started at Tue Nov 21 02:14:28 UTC 2023
Processing Cow-World
Offering Cow-World to Project Build Discarder
Processing cowsay-pipeline
Offering cowsay-pipeline to Project Build Discarder
Finished at Tue Nov 21 02:14:28 UTC 2023. 1ms
Started at Tue Nov 21 03:14:28 UTC 2023
Processing Cow-World
Offering Cow-World to Project Build Discarder
Processing cowsay-pipeline
Offering cowsay-pipeline to Project Build Discarder
Finished at Tue Nov 21 03:14:28 UTC 2023. 1ms
Started at Tue Nov 21 04:14:28 UTC 2023
Processing Cow-World
Offering Cow-World to Project Build Discarder
Processing cowsay-pipeline
Offering cowsay-pipeline to Project Build Discarder
Finished at Tue Nov 21 04:14:28 UTC 2023. 2ms
Started at Tue Nov 21 05:14:28 UTC 2023
Processing Cow-World
Offering Cow-World to Project Build Discarder
Processing cowsay-pipeline
Offering cowsay-pipeline to Project Build Discarder
Finished at Tue Nov 21 05:14:28 UTC 2023. 3ms
Started at Tue Nov 21 06:14:28 UTC 2023
Processing Cow-World
Offering Cow-World to Project Build Discarder
Processing cowsay-pipeline
Offering cowsay-pipeline to Project Build Discarder
Finished at Tue Nov 21 06:14:28 UTC 2023. 1ms
